<?xml version="1.0" encoding="UTF-8"?>
<!-- Generated by org.testng.reporters.JUnitXMLReporter -->
<testsuite ignored="0" hostname="LAPTOP-QVL8G3VS" failures="0" tests="4" name="JUnit and TestNG Selenium Tests" time="26.649" errors="0" timestamp="2025-08-19T13:46:04 IST">
  <testcase classname="Selenium_Labs.Lab8_Lab3Test" name="f" time="4.131"/>
  <testcase classname="Selenium_Labs.Lab8_Lab3Test" name="f" time="3.62"/>
  <testcase classname="Selenium_Labs.Lab8_Lab4Test" name="f" time="4.944"/>
  <testcase classname="Selenium_Labs.Lab8_Lab4Test" name="f" time="6.22"/>
</testsuite> <!-- JUnit and TestNG Selenium Tests -->
