<?xml version="1.0" encoding="UTF-8"?>
<!-- Generated by org.testng.reporters.JUnitReportReporter -->
<testsuite hostname="LAPTOP-QVL8G3VS" failures="0" tests="2" name="Selenium_Labs.Lab15" time="23.395" errors="0" timestamp="2025-08-22T21:26:46 IST" skipped="0">
  <testcase classname="Selenium_Labs.Lab15" name="registerUser" time="11.907"/>
  <system-out/>
  <testcase classname="Selenium_Labs.Lab15" name="registerUser" time="11.488"/>
  <system-out/>
</testsuite> <!-- Selenium_Labs.Lab15 -->
