<?xml version="1.0" encoding="UTF-8"?>
<!-- Generated by org.testng.reporters.JUnitReportReporter -->
<testsuite hostname="LAPTOP-QVL8G3VS" failures="0" tests="1" name="Aug26.Ques3" time="3.127" errors="0" timestamp="2025-08-27T22:03:58 IST" skipped="0">
  <testcase classname="Aug26.Ques3" name="searchProducts" time="3.127"/>
  <system-out/>
</testsuite> <!-- Aug26.Ques3 -->
