<?xml version="1.0" encoding="UTF-8"?>
<!-- Generated by org.testng.reporters.JUnitReportReporter -->
<testsuite hostname="LAPTOP-QVL8G3VS" failures="0" tests="2" name="Selenium_Labs.Lab8_Lab3Test" time="14.919" errors="0" timestamp="2025-08-19T16:00:02 IST" skipped="0">
  <testcase classname="Selenium_Labs.Lab8_Lab3Test" name="f" time="8.201"/>
  <system-out>
    <![CDATA[Starting test with sort index: 1 and product: Mac (1)
Navigated to homepage
Clicked on Desktops link
Selected product: Mac (1)
Sorted products using index: 1
Clicked on Add to Cart button
Test completed successfully for product: Mac (1)]]>
  </system-out>
  <testcase classname="Selenium_Labs.Lab8_Lab3Test" name="f" time="6.718"/>
  <system-out>
    <![CDATA[Starting test with sort index: 2 and product: Mac (1)
Navigated to homepage
Clicked on Desktops link
Selected product: Mac (1)
Sorted products using index: 2
Clicked on Add to Cart button
Test completed successfully for product: Mac (1)]]>
  </system-out>
</testsuite> <!-- Selenium_Labs.Lab8_Lab3Test -->
