<?xml version="1.0" encoding="UTF-8"?>
<!-- Generated by org.testng.reporters.JUnitReportReporter -->
<testsuite hostname="LAPTOP-QVL8G3VS" failures="0" tests="1" name="Selenium_Labs.Lab11_3_pagefactory" time="3.597" errors="0" timestamp="2025-08-21T14:47:24 IST" skipped="0">
  <testcase classname="Selenium_Labs.Lab11_3_pagefactory" name="testLabFlow" time="3.597"/>
  <system-out/>
</testsuite> <!-- Selenium_Labs.Lab11_3_pagefactory -->
