<?xml version="1.0" encoding="UTF-8"?>
<!-- Generated by org.testng.reporters.JUnitReportReporter -->
<testsuite hostname="LAPTOP-QVL8G3VS" failures="0" tests="2" name="Selenium_Labs.Lab9_4" time="13.556" errors="0" timestamp="2025-08-19T15:26:51 IST" skipped="0">
  <testcase classname="Selenium_Labs.Lab9_4" name="test2" time="7.166"/>
  <system-out/>
  <testcase classname="Selenium_Labs.Lab9_4" name="test2" time="6.390"/>
  <system-out/>
</testsuite> <!-- Selenium_Labs.Lab9_4 -->
