<?xml version="1.0" encoding="UTF-8"?>
<!-- Generated by org.testng.reporters.JUnitReportReporter -->
<testsuite hostname="LAPTOP-QVL8G3VS" failures="0" tests="2" name="Selenium_Labs.TC0012_TestNG" time="25.048" errors="0" timestamp="2025-08-20T09:36:42 IST" skipped="0">
  <testcase classname="Selenium_Labs.TC0012_TestNG" name="f" time="10.130"/>
  <system-out/>
  <testcase classname="Selenium_Labs.TC0012_TestNG" name="f" time="14.918"/>
  <system-out/>
</testsuite> <!-- Selenium_Labs.TC0012_TestNG -->
