<?xml version="1.0" encoding="UTF-8"?>
<!-- Generated by org.testng.reporters.JUnitReportReporter -->
<testsuite hostname="LAPTOP-QVL8G3VS" failures="0" tests="2" name="Selenium_Labs.Lab8_Lab4Test" time="21.372" errors="0" timestamp="2025-08-26T09:17:08 IST" skipped="0">
  <testcase classname="Selenium_Labs.Lab8_Lab4Test" name="verifyTitleAndNavigation" time="5.896"/>
  <system-out/>
  <testcase classname="Selenium_Labs.Lab8_Lab4Test" name="searchProduct" time="15.476"/>
  <system-out/>
</testsuite> <!-- Selenium_Labs.Lab8_Lab4Test -->
