<?xml version="1.0" encoding="UTF-8"?>
<!-- Generated by org.testng.reporters.JUnitReportReporter -->
<testsuite hostname="LAPTOP-QVL8G3VS" failures="0" tests="2" name="Selenium_Labs.Lab9_3" time="16.942" errors="0" timestamp="2025-08-19T15:26:51 IST" skipped="0">
  <testcase classname="Selenium_Labs.Lab9_3" name="test1" time="8.953"/>
  <system-out/>
  <testcase classname="Selenium_Labs.Lab9_3" name="test1" time="7.989"/>
  <system-out/>
</testsuite> <!-- Selenium_Labs.Lab9_3 -->
