<?xml version="1.0" encoding="UTF-8"?>
<!-- Generated by org.testng.reporters.JUnitReportReporter -->
<testsuite hostname="LAPTOP-QVL8G3VS" failures="0" tests="3" name="Selenium_Labs.Lab16" time="28.993" errors="0" timestamp="2025-08-22T22:04:11 IST" skipped="0">
  <testcase classname="Selenium_Labs.Lab16" name="registerAccount" time="11.682"/>
  <system-out/>
  <testcase classname="Selenium_Labs.Lab16" name="registerAccount" time="8.721"/>
  <system-out/>
  <testcase classname="Selenium_Labs.Lab16" name="registerAccount" time="8.590"/>
  <system-out/>
</testsuite> <!-- Selenium_Labs.Lab16 -->
