<?xml version="1.0" encoding="UTF-8"?>
<!-- Generated by org.testng.reporters.JUnitReportReporter -->
<testsuite hostname="LAPTOP-QVL8G3VS" failures="0" tests="1" name="Aug26.Ques2" time="9.831" errors="0" timestamp="2025-08-26T10:49:52 IST" skipped="0">
  <testcase classname="Aug26.Ques2" name="testLogin" time="9.831"/>
  <system-out/>
</testsuite> <!-- Aug26.Ques2 -->
