<?xml version="1.0" encoding="UTF-8"?>
<!-- Generated by org.testng.reporters.JUnitReportReporter -->
<testsuite hostname="LAPTOP-QVL8G3VS" failures="0" tests="1" name="Aug26.Ques8" time="0.926" errors="0" timestamp="2025-08-26T16:29:11 IST" skipped="0">
  <testcase classname="Aug26.Ques8" name="testMultipleWindows" time="0.926"/>
  <system-out/>
</testsuite> <!-- Aug26.Ques8 -->
