<?xml version="1.0" encoding="UTF-8"?>
<!-- Generated by org.testng.reporters.JUnitReportReporter -->
<testsuite hostname="LAPTOP-QVL8G3VS" failures="0" tests="2" name="Selenium_Labs.Lab8_Lab4Test" time="16.254" errors="0" timestamp="2025-08-19T16:14:24 IST" skipped="0">
  <testcase classname="Selenium_Labs.Lab8_Lab4Test" name="verifyTitleAndNavigation" time="5.652"/>
  <system-out/>
  <testcase classname="Selenium_Labs.Lab8_Lab4Test" name="searchProduct" time="10.602"/>
  <system-out/>
</testsuite> <!-- Selenium_Labs.Lab8_Lab4Test -->
