<?xml version="1.0" encoding="UTF-8"?>
<!-- Generated by org.testng.reporters.JUnitReportReporter -->
<testsuite hostname="LAPTOP-QVL8G3VS" failures="0" tests="1" name="Aug26.Ques4" time="0.370" errors="0" timestamp="2025-08-26T15:23:10 IST" skipped="0">
  <testcase classname="Aug26.Ques4" name="testDropdownSelection" time="0.370"/>
  <system-out/>
</testsuite> <!-- Aug26.Ques4 -->
