<?xml version="1.0" encoding="UTF-8"?>
<!-- Generated by org.testng.reporters.JUnitReportReporter -->
<testsuite hostname="LAPTOP-QVL8G3VS" failures="0" tests="1" name="Aug26.Ques1" time="3.143" errors="0" timestamp="2025-08-26T10:46:55 IST" skipped="0">
  <testcase classname="Aug26.Ques1" name="openGoogleAndPrintTitle" time="3.143"/>
  <system-out/>
</testsuite> <!-- Aug26.Ques1 -->
