<?xml version="1.0" encoding="UTF-8"?>
<!-- Generated by org.testng.reporters.JUnitReportReporter -->
<testsuite hostname="LAPTOP-QVL8G3VS" failures="0" tests="3" name="Selenium_Labs.Lab14" time="10.602" errors="0" timestamp="2025-08-21T16:35:31 IST" skipped="0">
  <testcase classname="Selenium_Labs.Lab14" name="registerUser" time="3.882"/>
  <system-out/>
  <testcase classname="Selenium_Labs.Lab14" name="registerUser" time="3.508"/>
  <system-out/>
  <testcase classname="Selenium_Labs.Lab14" name="registerUser" time="3.212"/>
  <system-out/>
</testsuite> <!-- Selenium_Labs.Lab14 -->
